<?xml version="1.0" encoding="UTF-8"?>
<testng-results skipped="0" failed="0" ignored="0" total="1" passed="1">
  <reporter-output>
  </reporter-output>
  <suite name="Default suite" duration-ms="528" started-at="2020-06-02T02:38:41 IST" finished-at="2020-06-02T02:38:41 IST">
    <groups>
    </groups>
    <test name="Default test" duration-ms="528" started-at="2020-06-02T02:38:41 IST" finished-at="2020-06-02T02:38:41 IST">
      <class name="TestingTestng">
        <test-method status="PASS" signature="g()[pri:0, instance:TestingTestng@3e9b1010]" name="g" duration-ms="71" started-at="2020-06-02T02:38:41 IST" finished-at="2020-06-02T02:38:41 IST">
          <reporter-output>
          </reporter-output>
        </test-method> <!-- g -->
      </class> <!-- TestingTestng -->
    </test> <!-- Default test -->
  </suite> <!-- Default suite -->
</testng-results>
